[2026-03-23T02:57:36.914Z] [warning] The AudioContext was not allowed to start. It must be resumed (or created) after a user gesture on the page. https://developer.chrome.com/blog/autoplay/#web_audio
[2026-03-23T02:57:37.078Z] [warning] The AudioContext was not allowed to start. It must be resumed (or created) after a user gesture on the page. https://developer.chrome.com/blog/autoplay/#web_audio
[2026-03-23T02:57:37.080Z] [warning] The AudioContext was not allowed to start. It must be resumed (or created) after a user gesture on the page. https://developer.chrome.com/blog/autoplay/#web_audio
[2026-03-23T03:01:38.507Z] [log] Boss created: 160 x 220 turrets: 4
[2026-03-23T03:01:48.212Z] [log] frigate: 160x220 turrets: 4 totalHP: 60
[2026-03-23T03:01:48.212Z] [log] destroyer: 200x300 turrets: 6 totalHP: 100
[2026-03-23T03:01:48.212Z] [log] invincible: 230x380 turrets: 8 totalHP: 150
[2026-03-23T03:05:29.190Z] [warning] The AudioContext was not allowed to start. It must be resumed (or created) after a user gesture on the page. https://developer.chrome.com/blog/autoplay/#web_audio
[2026-03-23T03:05:29.337Z] [warning] The AudioContext was not allowed to start. It must be resumed (or created) after a user gesture on the page. https://developer.chrome.com/blog/autoplay/#web_audio
[2026-03-23T03:05:29.337Z] [warning] The AudioContext was not allowed to start. It must be resumed (or created) after a user gesture on the page. https://developer.chrome.com/blog/autoplay/#web_audio
[2026-03-23T03:15:17.025Z] [warning] The AudioContext was not allowed to start. It must be resumed (or created) after a user gesture on the page. https://developer.chrome.com/blog/autoplay/#web_audio
[2026-03-23T03:15:17.172Z] [warning] The AudioContext was not allowed to start. It must be resumed (or created) after a user gesture on the page. https://developer.chrome.com/blog/autoplay/#web_audio
[2026-03-23T03:15:17.172Z] [warning] The AudioContext was not allowed to start. It must be resumed (or created) after a user gesture on the page. https://developer.chrome.com/blog/autoplay/#web_audio
[2026-03-23T03:22:58.916Z] [warning] The AudioContext was not allowed to start. It must be resumed (or created) after a user gesture on the page. https://developer.chrome.com/blog/autoplay/#web_audio
[2026-03-23T03:22:59.066Z] [warning] The AudioContext was not allowed to start. It must be resumed (or created) after a user gesture on the page. https://developer.chrome.com/blog/autoplay/#web_audio
[2026-03-23T03:22:59.066Z] [warning] The AudioContext was not allowed to start. It must be resumed (or created) after a user gesture on the page. https://developer.chrome.com/blog/autoplay/#web_audio
[2026-03-23T03:35:02.721Z] [warning] The AudioContext was not allowed to start. It must be resumed (or created) after a user gesture on the page. https://developer.chrome.com/blog/autoplay/#web_audio
[2026-03-23T03:35:02.857Z] [warning] The AudioContext was not allowed to start. It must be resumed (or created) after a user gesture on the page. https://developer.chrome.com/blog/autoplay/#web_audio
[2026-03-23T03:35:02.857Z] [warning] The AudioContext was not allowed to start. It must be resumed (or created) after a user gesture on the page. https://developer.chrome.com/blog/autoplay/#web_audio
[2026-03-23T03:55:46.669Z] [warning] The AudioContext was not allowed to start. It must be resumed (or created) after a user gesture on the page. https://developer.chrome.com/blog/autoplay/#web_audio
[2026-03-23T03:55:46.824Z] [warning] The AudioContext was not allowed to start. It must be resumed (or created) after a user gesture on the page. https://developer.chrome.com/blog/autoplay/#web_audio
[2026-03-23T03:55:46.824Z] [warning] The AudioContext was not allowed to start. It must be resumed (or created) after a user gesture on the page. https://developer.chrome.com/blog/autoplay/#web_audio
